<?xml version="1.0" encoding="UTF-8"?>
<coverage generated="1749645490425" clover="3.2.0">
  <project timestamp="1749645490426" name="All files">
    <metrics statements="62" coveredstatements="51" conditionals="21" coveredconditionals="15" methods="7" coveredmethods="7" elements="90" coveredelements="73" complexity="0" loc="62" ncloc="62" packages="2" files="2" classes="2"/>
    <package name="routes">
      <metrics statements="49" coveredstatements="40" conditionals="19" coveredconditionals="14" methods="3" coveredmethods="3"/>
      <file name="paymentRoutes.js" path="C:\Users\User\Desktop\shop rent collection system\rent-collection-backend\routes\paymentRoutes.js">
        <metrics statements="49" coveredstatements="40" conditionals="19" coveredconditionals="14" methods="3" coveredmethods="3"/>
        <line num="1" count="1" type="stmt"/>
        <line num="5" count="1" type="stmt"/>
        <line num="9" count="1" type="stmt"/>
        <line num="10" count="1" type="stmt"/>
        <line num="11" count="1" type="stmt"/>
        <line num="12" count="1" type="stmt"/>
        <line num="17" count="1" type="stmt"/>
        <line num="20" count="1" type="stmt"/>
        <line num="21" count="1" type="stmt"/>
        <line num="22" count="1" type="stmt"/>
        <line num="23" count="1" type="stmt"/>
        <line num="25" count="0" type="stmt"/>
        <line num="26" count="0" type="stmt"/>
        <line num="30" count="1" type="stmt"/>
        <line num="31" count="12" type="stmt"/>
        <line num="32" count="12" type="stmt"/>
        <line num="33" count="12" type="cond" truecount="1" falsecount="1"/>
        <line num="35" count="12" type="cond" truecount="4" falsecount="1"/>
        <line num="36" count="0" type="stmt"/>
        <line num="39" count="12" type="stmt"/>
        <line num="41" count="12" type="stmt"/>
        <line num="42" count="12" type="stmt"/>
        <line num="43" count="12" type="stmt"/>
        <line num="44" count="12" type="stmt"/>
        <line num="45" count="12" type="stmt"/>
        <line num="47" count="12" type="stmt"/>
        <line num="56" count="12" type="cond" truecount="2" falsecount="0"/>
        <line num="57" count="10" type="stmt"/>
        <line num="63" count="2" type="stmt"/>
        <line num="65" count="2" type="cond" truecount="1" falsecount="1"/>
        <line num="66" count="2" type="stmt"/>
        <line num="68" count="0" type="stmt"/>
        <line num="72" count="0" type="stmt"/>
        <line num="73" count="0" type="stmt"/>
        <line num="75" count="12" type="stmt"/>
        <line num="80" count="1" type="stmt"/>
        <line num="81" count="2" type="stmt"/>
        <line num="82" count="2" type="stmt"/>
        <line num="83" count="2" type="cond" truecount="1" falsecount="1"/>
        <line num="85" count="2" type="cond" truecount="4" falsecount="0"/>
        <line num="86" count="1" type="stmt"/>
        <line num="89" count="1" type="stmt"/>
        <line num="90" count="1" type="stmt"/>
        <line num="91" count="1" type="cond" truecount="1" falsecount="1"/>
        <line num="92" count="1" type="stmt"/>
        <line num="94" count="0" type="stmt"/>
        <line num="97" count="0" type="stmt"/>
        <line num="98" count="0" type="stmt"/>
        <line num="102" count="1" type="stmt"/>
      </file>
    </package>
    <package name="utils">
      <metrics statements="13" coveredstatements="11" conditionals="2" coveredconditionals="1" methods="4" coveredmethods="4"/>
      <file name="lock.js" path="C:\Users\User\Desktop\shop rent collection system\rent-collection-backend\utils\lock.js">
        <metrics statements="13" coveredstatements="11" conditionals="2" coveredconditionals="1" methods="4" coveredmethods="4"/>
        <line num="1" count="1" type="stmt"/>
        <line num="4" count="12" type="stmt"/>
        <line num="5" count="12" type="stmt"/>
        <line num="6" count="12" type="cond" truecount="1" falsecount="1"/>
        <line num="7" count="12" type="stmt"/>
        <line num="8" count="12" type="stmt"/>
        <line num="9" count="12" type="stmt"/>
        <line num="11" count="0" type="stmt"/>
        <line num="12" count="0" type="stmt"/>
        <line num="15" count="12" type="stmt"/>
        <line num="20" count="12" type="stmt"/>
        <line num="21" count="12" type="stmt"/>
        <line num="24" count="1" type="stmt"/>
      </file>
    </package>
  </project>
</coverage>
