{"C:\\Users\\User\\Desktop\\shop rent collection system\\rent-collection-backend\\routes\\paymentRoutes.js": {"path":"C:\\Users\\User\\Desktop\\shop rent collection system\\rent-collection-backend\\routes\\paymentRoutes.js","statementMap":{"0":{"start":{"line":1,"column":16},"end":{"line":1,"column":34}},"1":{"start":{"line":5,"column":4},"end":{"line":5,"column":38}},"2":{"start":{"line":9,"column":4},"end":{"line":9,"column":43}},"3":{"start":{"line":10,"column":20},"end":{"line":10,"column":40}},"4":{"start":{"line":11,"column":22},"end":{"line":11,"column":42}},"5":{"start":{"line":12,"column":15},"end":{"line":12,"column":31}},"6":{"start":{"line":17,"column":37},"end":{"line":17,"column":61}},"7":{"start":{"line":20,"column":0},"end":{"line":28,"column":3}},"8":{"start":{"line":21,"column":2},"end":{"line":27,"column":3}},"9":{"start":{"line":22,"column":21},"end":{"line":22,"column":44}},"10":{"start":{"line":23,"column":4},"end":{"line":23,"column":61}},"11":{"start":{"line":25,"column":4},"end":{"line":25,"column":53}},"12":{"start":{"line":26,"column":4},"end":{"line":26,"column":111}},"13":{"start":{"line":30,"column":0},"end":{"line":77,"column":3}},"14":{"start":{"line":31,"column":21},"end":{"line":31,"column":31}},"15":{"start":{"line":32,"column":53},"end":{"line":32,"column":61}},"16":{"start":{"line":33,"column":20},"end":{"line":33,"column":46}},"17":{"start":{"line":35,"column":2},"end":{"line":37,"column":3}},"18":{"start":{"line":36,"column":4},"end":{"line":36,"column":123}},"19":{"start":{"line":39,"column":2},"end":{"line":39,"column":28}},"20":{"start":{"line":41,"column":2},"end":{"line":76,"column":3}},"21":{"start":{"line":42,"column":23},"end":{"line":42,"column":44}},"22":{"start":{"line":43,"column":4},"end":{"line":43,"column":36}},"23":{"start":{"line":44,"column":21},"end":{"line":44,"column":42}},"24":{"start":{"line":45,"column":4},"end":{"line":45,"column":39}},"25":{"start":{"line":47,"column":28},"end":{"line":54,"column":6}},"26":{"start":{"line":56,"column":4},"end":{"line":61,"column":5}},"27":{"start":{"line":57,"column":6},"end":{"line":60,"column":9}},"28":{"start":{"line":63,"column":19},"end":{"line":63,"column":106}},"29":{"start":{"line":65,"column":4},"end":{"line":69,"column":5}},"30":{"start":{"line":66,"column":6},"end":{"line":66,"column":42}},"31":{"start":{"line":68,"column":6},"end":{"line":68,"column":103}},"32":{"start":{"line":72,"column":4},"end":{"line":72,"column":61}},"33":{"start":{"line":73,"column":4},"end":{"line":73,"column":109}},"34":{"start":{"line":75,"column":4},"end":{"line":75,"column":24}},"35":{"start":{"line":80,"column":0},"end":{"line":100,"column":3}},"36":{"start":{"line":81,"column":24},"end":{"line":81,"column":34}},"37":{"start":{"line":82,"column":53},"end":{"line":82,"column":61}},"38":{"start":{"line":83,"column":20},"end":{"line":83,"column":46}},"39":{"start":{"line":85,"column":2},"end":{"line":87,"column":3}},"40":{"start":{"line":86,"column":4},"end":{"line":86,"column":108}},"41":{"start":{"line":89,"column":2},"end":{"line":99,"column":3}},"42":{"start":{"line":90,"column":19},"end":{"line":90,"column":112}},"43":{"start":{"line":91,"column":4},"end":{"line":95,"column":5}},"44":{"start":{"line":92,"column":6},"end":{"line":92,"column":42}},"45":{"start":{"line":94,"column":6},"end":{"line":94,"column":103}},"46":{"start":{"line":97,"column":4},"end":{"line":97,"column":64}},"47":{"start":{"line":98,"column":4},"end":{"line":98,"column":109}},"48":{"start":{"line":102,"column":0},"end":{"line":102,"column":24}}},"fnMap":{"0":{"name":"(anonymous_0)","decl":{"start":{"line":20,"column":82},"end":{"line":20,"column":83}},"loc":{"start":{"line":20,"column":102},"end":{"line":28,"column":1}},"line":20},"1":{"name":"(anonymous_1)","decl":{"start":{"line":30,"column":90},"end":{"line":30,"column":91}},"loc":{"start":{"line":30,"column":110},"end":{"line":77,"column":1}},"line":30},"2":{"name":"(anonymous_2)","decl":{"start":{"line":80,"column":96},"end":{"line":80,"column":97}},"loc":{"start":{"line":80,"column":116},"end":{"line":100,"column":1}},"line":80}},"branchMap":{"0":{"loc":{"start":{"line":33,"column":20},"end":{"line":33,"column":46}},"type":"binary-expr","locations":[{"start":{"line":33,"column":20},"end":{"line":33,"column":34}},{"start":{"line":33,"column":38},"end":{"line":33,"column":46}}],"line":33},"1":{"loc":{"start":{"line":35,"column":2},"end":{"line":37,"column":3}},"type":"if","locations":[{"start":{"line":35,"column":2},"end":{"line":37,"column":3}},{"start":{},"end":{}}],"line":35},"2":{"loc":{"start":{"line":35,"column":6},"end":{"line":35,"column":51}},"type":"binary-expr","locations":[{"start":{"line":35,"column":6},"end":{"line":35,"column":17}},{"start":{"line":35,"column":21},"end":{"line":35,"column":35}},{"start":{"line":35,"column":39},"end":{"line":35,"column":51}}],"line":35},"3":{"loc":{"start":{"line":56,"column":4},"end":{"line":61,"column":5}},"type":"if","locations":[{"start":{"line":56,"column":4},"end":{"line":61,"column":5}},{"start":{},"end":{}}],"line":56},"4":{"loc":{"start":{"line":65,"column":4},"end":{"line":69,"column":5}},"type":"if","locations":[{"start":{"line":65,"column":4},"end":{"line":69,"column":5}},{"start":{"line":67,"column":11},"end":{"line":69,"column":5}}],"line":65},"5":{"loc":{"start":{"line":83,"column":20},"end":{"line":83,"column":46}},"type":"binary-expr","locations":[{"start":{"line":83,"column":20},"end":{"line":83,"column":34}},{"start":{"line":83,"column":38},"end":{"line":83,"column":46}}],"line":83},"6":{"loc":{"start":{"line":85,"column":2},"end":{"line":87,"column":3}},"type":"if","locations":[{"start":{"line":85,"column":2},"end":{"line":87,"column":3}},{"start":{},"end":{}}],"line":85},"7":{"loc":{"start":{"line":85,"column":6},"end":{"line":85,"column":35}},"type":"binary-expr","locations":[{"start":{"line":85,"column":6},"end":{"line":85,"column":17}},{"start":{"line":85,"column":21},"end":{"line":85,"column":35}}],"line":85},"8":{"loc":{"start":{"line":91,"column":4},"end":{"line":95,"column":5}},"type":"if","locations":[{"start":{"line":91,"column":4},"end":{"line":95,"column":5}},{"start":{"line":93,"column":11},"end":{"line":95,"column":5}}],"line":91}},"s":{"0":1,"1":1,"2":1,"3":1,"4":1,"5":1,"6":1,"7":1,"8":1,"9":1,"10":1,"11":0,"12":0,"13":1,"14":12,"15":12,"16":12,"17":12,"18":0,"19":12,"20":12,"21":12,"22":12,"23":12,"24":12,"25":12,"26":12,"27":10,"28":2,"29":2,"30":2,"31":0,"32":0,"33":0,"34":12,"35":1,"36":2,"37":2,"38":2,"39":2,"40":1,"41":1,"42":1,"43":1,"44":1,"45":0,"46":0,"47":0,"48":1},"f":{"0":1,"1":12,"2":2},"b":{"0":[12,0],"1":[0,12],"2":[12,12,12],"3":[10,2],"4":[2,0],"5":[2,0],"6":[1,1],"7":[2,1],"8":[1,0]},"_coverageSchema":"1a1c01bbd47fc00a2c39e90264f33305004495a9","hash":"8fac66e603d55d1d039b471267c08dd63beb0d09"}
,"C:\\Users\\User\\Desktop\\shop rent collection system\\rent-collection-backend\\utils\\lock.js": {"path":"C:\\Users\\User\\Desktop\\shop rent collection system\\rent-collection-backend\\utils\\lock.js","statementMap":{"0":{"start":{"line":1,"column":14},"end":{"line":1,"column":23}},"1":{"start":{"line":4,"column":2},"end":{"line":16,"column":5}},"2":{"start":{"line":5,"column":20},"end":{"line":14,"column":5}},"3":{"start":{"line":6,"column":6},"end":{"line":13,"column":7}},"4":{"start":{"line":7,"column":8},"end":{"line":7,"column":57}},"5":{"start":{"line":8,"column":8},"end":{"line":8,"column":32}},"6":{"start":{"line":9,"column":8},"end":{"line":9,"column":18}},"7":{"start":{"line":11,"column":8},"end":{"line":11,"column":56}},"8":{"start":{"line":12,"column":8},"end":{"line":12,"column":33}},"9":{"start":{"line":15,"column":4},"end":{"line":15,"column":14}},"10":{"start":{"line":20,"column":2},"end":{"line":20,"column":51}},"11":{"start":{"line":21,"column":2},"end":{"line":21,"column":23}},"12":{"start":{"line":24,"column":0},"end":{"line":24,"column":46}}},"fnMap":{"0":{"name":"acquireLock","decl":{"start":{"line":3,"column":9},"end":{"line":3,"column":20}},"loc":{"start":{"line":3,"column":29},"end":{"line":17,"column":1}},"line":3},"1":{"name":"(anonymous_1)","decl":{"start":{"line":4,"column":21},"end":{"line":4,"column":22}},"loc":{"start":{"line":4,"column":34},"end":{"line":16,"column":3}},"line":4},"2":{"name":"(anonymous_2)","decl":{"start":{"line":5,"column":20},"end":{"line":5,"column":21}},"loc":{"start":{"line":5,"column":26},"end":{"line":14,"column":5}},"line":5},"3":{"name":"releaseLock","decl":{"start":{"line":19,"column":9},"end":{"line":19,"column":20}},"loc":{"start":{"line":19,"column":29},"end":{"line":22,"column":1}},"line":19}},"branchMap":{"0":{"loc":{"start":{"line":6,"column":6},"end":{"line":13,"column":7}},"type":"if","locations":[{"start":{"line":6,"column":6},"end":{"line":13,"column":7}},{"start":{"line":10,"column":13},"end":{"line":13,"column":7}}],"line":6}},"s":{"0":1,"1":12,"2":12,"3":12,"4":12,"5":12,"6":12,"7":0,"8":0,"9":12,"10":12,"11":12,"12":1},"f":{"0":12,"1":12,"2":12,"3":12},"b":{"0":[12,0]},"_coverageSchema":"1a1c01bbd47fc00a2c39e90264f33305004495a9","hash":"7cdf01bfa3312ae8023a4ea5dcde1f3c2d7e6301"}
}
