TN:
SF:routes\paymentRoutes.js
FN:20,(anonymous_0)
FN:30,(anonymous_1)
FN:80,(anonymous_2)
FNF:3
FNH:3
FNDA:1,(anonymous_0)
FNDA:12,(anonymous_1)
FNDA:2,(anonymous_2)
DA:1,1
DA:5,1
DA:9,1
DA:10,1
DA:11,1
DA:12,1
DA:17,1
DA:20,1
DA:21,1
DA:22,1
DA:23,1
DA:25,0
DA:26,0
DA:30,1
DA:31,12
DA:32,12
DA:33,12
DA:35,12
DA:36,0
DA:39,12
DA:41,12
DA:42,12
DA:43,12
DA:44,12
DA:45,12
DA:47,12
DA:56,12
DA:57,10
DA:63,2
DA:65,2
DA:66,2
DA:68,0
DA:72,0
DA:73,0
DA:75,12
DA:80,1
DA:81,2
DA:82,2
DA:83,2
DA:85,2
DA:86,1
DA:89,1
DA:90,1
DA:91,1
DA:92,1
DA:94,0
DA:97,0
DA:98,0
DA:102,1
LF:49
LH:40
BRDA:33,0,0,12
BRDA:33,0,1,0
BRDA:35,1,0,0
BRDA:35,1,1,12
BRDA:35,2,0,12
BRDA:35,2,1,12
BRDA:35,2,2,12
BRDA:56,3,0,10
BRDA:56,3,1,2
BRDA:65,4,0,2
BRDA:65,4,1,0
BRDA:83,5,0,2
BRDA:83,5,1,0
BRDA:85,6,0,1
BRDA:85,6,1,1
BRDA:85,7,0,2
BRDA:85,7,1,1
BRDA:91,8,0,1
BRDA:91,8,1,0
BRF:19
BRH:14
end_of_record
TN:
SF:utils\lock.js
FN:3,acquireLock
FN:4,(anonymous_1)
FN:5,(anonymous_2)
FN:19,releaseLock
FNF:4
FNH:4
FNDA:12,acquireLock
FNDA:12,(anonymous_1)
FNDA:12,(anonymous_2)
FNDA:12,releaseLock
DA:1,1
DA:4,12
DA:5,12
DA:6,12
DA:7,12
DA:8,12
DA:9,12
DA:11,0
DA:12,0
DA:15,12
DA:20,12
DA:21,12
DA:24,1
LF:13
LH:11
BRDA:6,0,0,12
BRDA:6,0,1,0
BRF:2
BRH:1
end_of_record
